<?xml version="1.0" encoding="UTF-8"?>
<!-- Generated by org.testng.reporters.JUnitReportReporter -->
<testsuite hostname="DESKTOP-HQT2HP1" failures="0" tests="1" name="com.facebook.registrationTests.RegistrationTest2" time="2.784" errors="0" timestamp="2023-10-17T19:24:30 EDT" skipped="0">
  <testcase classname="com.facebook.registrationTests.RegistrationTest2" name="faizaRegistrationTest" time="2.784"/>
  <system-out/>
</testsuite> <!-- com.facebook.registrationTests.RegistrationTest2 -->
