<?xml version="1.0" encoding="UTF-8"?>
<!-- Generated by org.testng.reporters.JUnitReportReporter -->
<testsuite hostname="Sumon" failures="0" tests="2" name="com.facebook.loginTests.LoginTest" time="4.443" errors="0" timestamp="2023-11-19T12:49:49 EST" skipped="0">
  <testcase classname="com.facebook.loginTests.LoginTest" name="loginTest" time="2.560"/>
  <system-out/>
  <testcase classname="com.facebook.loginTests.LoginTest" name="loginTest1" time="1.883"/>
  <system-out/>
</testsuite> <!-- com.facebook.loginTests.LoginTest -->
