<?xml version="1.0" encoding="UTF-8"?>
<!-- Generated by org.testng.reporters.JUnitReportReporter -->
<testsuite hostname="DESKTOP-HQT2HP1" failures="0" tests="1" name="com.facebook.loginTests.LoginTest" time="1.824" errors="0" timestamp="2023-10-08T10:23:23 EDT" skipped="0">
  <testcase classname="com.facebook.loginTests.LoginTest" name="loginTest" time="1.824"/>
  <system-out/>
</testsuite> <!-- com.facebook.loginTests.LoginTest -->
