<?xml version="1.0" encoding="UTF-8"?>
<!-- Generated by org.testng.reporters.JUnitReportReporter -->
<testsuite hostname="DESKTOP-HQT2HP1" failures="0" tests="1" name="com.facebook.registrationTests.RegistrationTest" time="2.450" errors="0" timestamp="2023-10-10T21:48:30 EDT" skipped="0">
  <testcase classname="com.facebook.registrationTests.RegistrationTest" name="createRegistrationTest" time="2.450"/>
  <system-out/>
</testsuite> <!-- com.facebook.registrationTests.RegistrationTest -->
