<?xml version="1.0" encoding="UTF-8"?>
<!-- Generated by org.testng.reporters.JUnitReportReporter -->
<testsuite hostname="DESKTOP-HQT2HP1" failures="0" tests="2" name="com.facebook.loginTests.LoginTest" time="2.476" errors="0" timestamp="2023-10-17T19:24:30 EDT" skipped="0">
  <testcase classname="com.facebook.loginTests.LoginTest" name="loginTest" time="1.223"/>
  <system-out/>
  <testcase classname="com.facebook.loginTests.LoginTest" name="loginTest1" time="1.253"/>
  <system-out/>
</testsuite> <!-- com.facebook.loginTests.LoginTest -->
