<?xml version="1.0" encoding="UTF-8"?>
<!-- Generated by org.testng.reporters.JUnitReportReporter -->
<testsuite hostname="Sumon" failures="0" tests="1" name="com.facebook.registrationTests.RegistrationTest2" time="6.459" errors="0" timestamp="2023-11-07T21:58:13 EST" skipped="0">
  <testcase classname="com.facebook.registrationTests.RegistrationTest2" name="faizaRegistrationTest" time="6.459"/>
  <system-out/>
</testsuite> <!-- com.facebook.registrationTests.RegistrationTest2 -->
