<?xml version="1.0" encoding="UTF-8"?>
<!-- Generated by org.testng.reporters.JUnitReportReporter -->
<testsuite hostname="Sumon" failures="0" tests="3" name="com.facebook.loginTests.LoginFunctionalTest" time="3.626" errors="0" timestamp="2023-11-07T21:58:13 EST" skipped="0">
  <testcase classname="com.facebook.loginTests.LoginFunctionalTest" name="userNameTest" time="1.214"/>
  <system-out/>
  <testcase classname="com.facebook.loginTests.LoginFunctionalTest" name="passwoedTest" time="1.202"/>
  <system-out/>
  <testcase classname="com.facebook.loginTests.LoginFunctionalTest" name="loginButtonTest" time="1.210"/>
  <system-out/>
</testsuite> <!-- com.facebook.loginTests.LoginFunctionalTest -->
